<?xml version="1.0" encoding="UTF-8"?>
<!-- Generated by org.testng.reporters.JUnitXMLReporter -->
<testsuite ignored="0" hostname="Atuls-MacBook-Air.local" failures="1" tests="2" name="ChromeTest" time="36.561" errors="0" timestamp="2024-03-21T15:35:27 EDT">
  <testcase classname="testCases.TC_004_SearchProductTest" name="verify_productSearch" time="0.378"/>
  <testcase classname="testCases.TC_005_AddToCartPageTest" name="verify_addToCart" time="20.299">
    <failure type="java.lang.AssertionError" message="expected [true] but found [false]">
      <![CDATA[java.lang.AssertionError: expected [true] but found [false]
at testCases.TC_005_AddToCartPageTest.verify_addToCart(TC_005_AddToCartPageTest.java:29)
at java.base/java.util.ArrayList.forEach(ArrayList.java:1596)
... Removed 36 stack frames]]>
    </failure>
  </testcase> <!-- verify_addToCart -->
</testsuite> <!-- ChromeTest -->
